C51 COMPILER V9.55   DS18B20                                                               03/19/2020 16:44:24 PAGE 1   


C51 COMPILER V9.55, COMPILATION OF MODULE DS18B20
OBJECT MODULE PLACED IN .\Objects\ds18b20.obj
COMPILER INVOKED BY: E:\keil\C51\BIN\C51.EXE ds18b20.c OPTIMIZE(8,SPEED) BROWSE DEBUG OBJECTEXTEND PRINT(.\Listings\ds18
                    -b20.lst) TABS(2) OBJECT(.\Objects\ds18b20.obj)

line level    source

   1          #include <REGX52.H>
   2          #include "DEPUTY.H"
   3          
   4          sbit DQ = P1^4;
   5          void Delay_OneWire(unsigned int t)  
   6          {
   7   1        while(t--);
   8   1      }
   9          
  10          //??????DS18B20?????
  11          void Write_DS18B20(unsigned char dat)
  12          {
  13   1        unsigned char i;
  14   1        for(i=0;i<8;i++)
  15   1        {
  16   2          DQ = 0;
  17   2          DQ = dat&0x01;
  18   2          Delay_OneWire(50);
  19   2          DQ = 1;
  20   2          dat >>= 1;
  21   2        }
  22   1        Delay_OneWire(50);
  23   1      }
  24          
  25          //?DS18B20??????
  26          unsigned char Read_DS18B20(void)
  27          {
  28   1        unsigned char i;
  29   1        unsigned char dat;
  30   1        
  31   1        for(i=0;i<8;i++)
  32   1        {
  33   2          DQ = 0;
  34   2          dat >>= 1;
  35   2          DQ = 1;
  36   2          if(DQ)
  37   2          {
  38   3            dat |= 0x80;
  39   3          }     
  40   2          Delay_OneWire(50);
  41   2        }
  42   1        return dat;
  43   1      }
  44          
  45          //DS18B20?????
  46          bit init_ds18b20(void)
  47          {
  48   1          bit initflag = 0;
  49   1          
  50   1          DQ = 1;
  51   1          Delay_OneWire(120);
  52   1          DQ = 0;
  53   1          Delay_OneWire(800);
  54   1          DQ = 1;
C51 COMPILER V9.55   DS18B20                                                               03/19/2020 16:44:24 PAGE 2   

  55   1          Delay_OneWire(100); 
  56   1          initflag = DQ;     
  57   1          Delay_OneWire(50);
  58   1        
  59   1          return initflag;
  60   1      }
  61          
  62          unsigned char get_wendu(void)
  63          {
  64   1        unsigned char low,high,temp;
  65   1        init_ds18b20();
  66   1        Write_DS18B20(0xcc);
  67   1        Write_DS18B20(0x44);
  68   1        Delay_OneWire(200);
  69   1        
  70   1        init_ds18b20();
  71   1        Write_DS18B20(0xcc);
  72   1        Write_DS18B20(0xBE);
  73   1        
  74   1        low=Read_DS18B20();
  75   1        high=Read_DS18B20();
  76   1        
  77   1        temp=high << 4;
  78   1        temp|=(low >> 4);
  79   1      }
*** WARNING C173 IN LINE 79 OF ds18b20.c: missing return-expression
*** WARNING C290 IN LINE 79 OF ds18b20.c: missing return value


MODULE INFORMATION:   STATIC OVERLAYABLE
   CODE SIZE        =    163    ----
   CONSTANT SIZE    =   ----    ----
   XDATA SIZE       =   ----    ----
   PDATA SIZE       =   ----    ----
   DATA SIZE        =   ----    ----
   IDATA SIZE       =   ----    ----
   BIT SIZE         =   ----       1
END OF MODULE INFORMATION.


C51 COMPILATION COMPLETE.  2 WARNING(S),  0 ERROR(S)
