C51 COMPILER V9.55   ADC                                                                   10/17/2020 16:48:36 PAGE 1   


C51 COMPILER V9.55, COMPILATION OF MODULE ADC
OBJECT MODULE PLACED IN .\Objects\adc.obj
COMPILER INVOKED BY: E:\keil\C51\BIN\C51.EXE src\Library\adc.c OPTIMIZE(8,SPEED) BROWSE INCDIR(.\src;.\src\hardware;.\sr
                    -c\Library) DEBUG OBJECTEXTEND PRINT(.\Listings\adc.lst) TABS(2) OBJECT(.\Objects\adc.obj)

line level    source

   1          #include "main.h"
   2          #include "adc.h"
   3          #include "delay.h"
   4          
   5          /********************************************************************************************************
   6          *  Function: ADC_Config                                                                      
   7          *  Object: 启动ADC模块 执行初始化      
   8          *  输入： 无
   9          *  输出： 无                                                                               
  10          *  备注： 无                                  
  11          ********************************************************************************************************/
  12          void ADC_Config(void)
  13          {
  14   1        ADC_CFG |= bADC_EN;         //开启ADC模块电源
  15   1        ADC_CFG = ADC_CFG & ~(bADC_CLK0 | bADC_CLK1);    //选择ADC参考时钟 750KHz
  16   1        ADC_CFG |= bADC_AIN_EN;                          //开启外部通道
  17   1        if(ADC_DAT);
  18   1        ADC_CTRL = bADC_IF;                              //清除ADC转换完成标志，写1清零
  19   1      }
  20          
  21          
  22          /********************************************************************************************************
  23          *  Function: ADC_Read_Value
  24          *  Object: 读取ADC的值
  25          *  输入： 通道值
  26          *  输出： ADC值
  27          *  备注： 无
  28          ********************************************************************************************************/
  29          uint16_t ADC_Read_Value(uint8_t channel)
  30          {
  31   1        ADC_CHAN = (ADC_CHAN & ~MASK_ADC_CHAN) | channel;
  32   1        ADC_CTRL = bADC_START;
  33   1        while((ADC_CTRL&bADC_IF) == 0); //非中断方式，等待采集完成
  34   1        ADC_CTRL = bADC_IF;
  35   1        return ADC_DAT>>2;  //转成10位数据
  36   1      }
  37          


MODULE INFORMATION:   STATIC OVERLAYABLE
   CODE SIZE        =     46    ----
   CONSTANT SIZE    =   ----    ----
   XDATA SIZE       =   ----    ----
   PDATA SIZE       =   ----    ----
   DATA SIZE        =   ----    ----
   IDATA SIZE       =   ----    ----
   BIT SIZE         =   ----    ----
END OF MODULE INFORMATION.


C51 COMPILATION COMPLETE.  0 WARNING(S),  0 ERROR(S)
