C51 COMPILER V9.55   ASCII8X16                                                             10/17/2020 16:48:36 PAGE 1   


C51 COMPILER V9.55, COMPILATION OF MODULE ASCII8X16
OBJECT MODULE PLACED IN .\Objects\ASCII8x16.obj
COMPILER INVOKED BY: E:\keil\C51\BIN\C51.EXE src\hardware\ASCII8x16.c OPTIMIZE(8,SPEED) BROWSE INCDIR(.\src;.\src\hardwa
                    -re;.\src\Library) DEBUG OBJECTEXTEND PRINT(.\Listings\ASCII8x16.lst) TABS(2) OBJECT(.\Objects\ASCII8x16.obj)

line level    source

   1          #include "main.h"
   2          #include "ASCII8x16.h"
   3          code uint8_t ascii_table_8x16[95][16]={
   4          //粗体 8x16 点阵的ASCII码的点阵数据,从"JLX-GB2312"型号的字库 IC 中读出来的国标的
   5          0x00,0x00,0x00,0x00, 0x00,0x00,0x00,0x00, 0x00,0x00,0x00,0x00, 0x00,0x00,0x00,0x00, //- -(空格ASCII ?:0X20
   6          0x00,0x00,0x38,0xFC, 0xFC,0x38,0x00,0x00, 0x00,0x00,0x00,0x0D, 0x0D,0x00,0x00,0x00, //-!- ASCII ?:0X21
   7          0x00,0x0E,0x1E,0x00, 0x00,0x1E,0x0E,0x00, 0x00,0x00,0x00,0x00, 0x00,0x00,0x00,0x00, //-"-
   8          0x20,0xF8,0xF8,0x20, 0xF8,0xF8,0x20,0x00, 0x02,0x0F,0x0F,0x02, 0x0F,0x0F,0x02,0x00, //-#-
   9          0x38,0x7C,0x44,0x47, 0x47,0xCC,0x98,0x00, 0x06,0x0C,0x08,0x38, 0x38,0x0F,0x07,0x00, //-$-
  10          0x30,0x30,0x00,0x80, 0xC0,0x60,0x30,0x00, 0x0C,0x06,0x03,0x01, 0x00,0x0C,0x0C,0x00, //-%-
  11          0x80,0xD8,0x7C,0xE4, 0xBC,0xD8,0x40,0x00, 0x07,0x0F,0x08,0x08, 0x07,0x0F,0x08,0x00, //-&-
  12          0x00,0x10,0x1E,0x0E, 0x00,0x00,0x00,0x00, 0x00,0x00,0x00,0x00, 0x00,0x00,0x00,0x00, //-'-
  13          0x00,0x00,0xF0,0xF8, 0x0C,0x04,0x00,0x00, 0x00,0x00,0x03,0x07, 0x0C,0x08,0x00,0x00, //-(-
  14          0x00,0x00,0x04,0x0C, 0xF8,0xF0,0x00,0x00, 0x00,0x00,0x08,0x0C, 0x07,0x03,0x00,0x00, //-)-
  15          
  16          0x80,0xA0,0xE0,0xC0, 0xC0,0xE0,0xA0,0x80, 0x00,0x02,0x03,0x01, 0x01,0x03,0x02,0x00, //-*- ASCII ?:0X2A
  17          0x00,0x80,0x80,0xE0, 0xE0,0x80,0x80,0x00, 0x00,0x00,0x00,0x03, 0x03,0x00,0x00,0x00, //-+-
  18          0x00,0x00,0x00,0x00, 0x00,0x00,0x00,0x00, 0x00,0x00,0x10,0x1E, 0x0E,0x00,0x00,0x00, //-,-
  19          0x80,0x80,0x80,0x80, 0x80,0x80,0x80,0x00, 0x00,0x00,0x00,0x00, 0x00,0x00,0x00,0x00, //---
  20          0x00,0x00,0x00,0x00, 0x00,0x00,0x00,0x00, 0x00,0x00,0x00,0x0C, 0x0C,0x00,0x00,0x00, //-.-
  21          0x00,0x00,0x00,0x80, 0xC0,0x60,0x30,0x00, 0x0C,0x06,0x03,0x01, 0x00,0x00,0x00,0x00, //-/-
  22          0xF8,0xF8,0x0C,0xC4, 0x0C,0xF8,0xF0,0x00, 0x03,0x07,0x0C,0x08, 0x0C,0x07,0x03,0x00, //-0- ASCII ?:0X30
  23          0x00,0x10,0x18,0xFC, 0xFC,0x00,0x00,0x00, 0x00,0x08,0x08,0x0F, 0x0F,0x08,0x08,0x00, //-1-
  24          0x08,0x0C,0x84,0xC4, 0x64,0x3C,0x18,0x00, 0x0E,0x0F,0x09,0x08, 0x08,0x0C,0x0C,0x00, //-2-
  25          0x08,0x0C,0x44,0x44, 0x44,0xFC,0xB8,0x00, 0x04,0x0C,0x08,0x08, 0x08,0x0F,0x07,0x00, //-3-
  26          
  27          0xC0,0xE0,0xB0,0x98, 0xFC,0xFC,0x80,0x00, 0x00,0x00,0x00,0x08, 0x0F,0x0F,0x08,0x00, //-4- ASCII ?:0X34
  28          0x7C,0x7C,0x44,0x44, 0x44,0xC4,0x84,0x00, 0x04,0x0C,0x08,0x08, 0x08,0x0F,0x07,0x00, //-5-
  29          
  30          
  31          0xF0,0xF8,0x4C,0x44, 0x44,0xC0,0x80,0x00, 0x07,0x0F,0x08,0x08, 0x08,0x0F,0x07,0x00, //-6- 
  32          0x0C,0x0C,0x04,0x84, 0xC4,0x7C,0x3C,0x00, 0x00,0x00,0x0F,0x0F, 0x00,0x00,0x00,0x00, //-7- 
  33          0xB8,0xFC,0x44,0x44, 0x44,0xFC,0xB8,0x00, 0x07,0x0F,0x08,0x08, 0x08,0x0F,0x07,0x00, //-8- 
  34          0x38,0x7C,0x44,0x44, 0x44,0xFC,0xF8,0x00, 0x00,0x08,0x08,0x08, 0x0C,0x07,0x03,0x00, //-9-
  35          0x00,0x00,0x00,0x30, 0x30,0x00,0x00,0x00, 0x00,0x00,0x00,0x06, 0x06,0x00,0x00,0x00, //-:-
  36          0x00,0x00,0x00,0x30, 0x30,0x00,0x00,0x00, 0x00,0x00,0x08,0x0E, 0x06,0x00,0x00,0x00, //-;-
  37          0x00,0x80,0xC0,0x60, 0x30,0x18,0x08,0x00, 0x00,0x00,0x01,0x03, 0x06,0x0C,0x08,0x00, //-<-
  38          0x00,0x20,0x20,0x20, 0x20,0x20,0x20,0x00, 0x00,0x01,0x01,0x01, 0x01,0x01,0x01,0x00, //-=-
  39          
  40          0x00,0x08,0x18,0x30, 0x60,0xC0,0x80,0x00, 0x00,0x08,0x0C,0x06, 0x03,0x01,0x00,0x00, //->- ASCII ?:0X3E
  41          0x18,0x1C,0x04,0xC4, 0xE4,0x3C,0x18,0x00, 0x00,0x00,0x00,0x0D, 0x0D,0x00,0x00,0x00, //-?-
  42          0xF0,0xF0,0x08,0xC8, 0xC8,0xF8,0xF0,0x00, 0x07,0x0F,0x08,0x0B, 0x0B,0x0B,0x01,0x00, //-@-
  43          0xE0,0xF0,0x98,0x8C, 0x98,0xF0,0xE0,0x00, 0x0F,0x0F,0x00,0x00, 0x00,0x0F,0x0F,0x00, //-A- ASCII ?:0X41
  44          0x04,0xFC,0xFC,0x44, 0x44,0xFC,0xB8,0x00, 0x08,0x0F,0x0F,0x08, 0x08,0x0F,0x07,0x00, //-B-
  45          0xF0,0xF8,0x0C,0x04, 0x04,0x0C,0x18,0x00, 0x03,0x07,0x0C,0x08, 0x08,0x0C,0x06,0x00, //-C-
  46          0x04,0xFC,0xFC,0x04, 0x0C,0xF8,0xF0,0x00, 0x08,0x0F,0x0F,0x08, 0x0C,0x07,0x03,0x00, //-D-
  47          0x04,0xFC,0xFC,0x44, 0xE4,0x0C,0x1C,0x00, 0x08,0x0F,0x0F,0x08, 0x08,0x0C,0x0E,0x00, //-E-
  48          0x04,0xFC,0xFC,0x44, 0xE4,0x0C,0x1C,0x00, 0x08,0x0F,0x0F,0x08, 0x00,0x00,0x00,0x00, //-F-
  49          0xF0,0xF8,0x0C,0x84, 0x84,0x8C,0x98,0x00, 0x03,0x07,0x0C,0x08, 0x08,0x07,0x0F,0x00, //-G- 
  50          
  51          0xFC,0xFC,0x40,0x40, 0x40,0xFC,0xFC,0x00, 0x0F,0x0F,0x00,0x00, 0x00,0x0F,0x0F,0x00, //-H- ASCII ?:0X48
  52          0x00,0x00,0x04,0xFC, 0xFC,0x04,0x00,0x00, 0x00,0x00,0x08,0x0F, 0x0F,0x08,0x00,0x00, //-I-
  53          0x00,0x00,0x00,0x04, 0xFC,0xFC,0x04,0x00, 0x07,0x0F,0x08,0x08, 0x0F,0x07,0x00,0x00, //-J-
  54          0x04,0xFC,0xFC,0xC0, 0xE0,0x3C,0x1C,0x00, 0x08,0x0F,0x0F,0x00, 0x01,0x0F,0x0E,0x00, //-K-
C51 COMPILER V9.55   ASCII8X16                                                             10/17/2020 16:48:36 PAGE 2   

  55          0x04,0xFC,0xFC,0x04, 0x00,0x00,0x00,0x00, 0x08,0x0F,0x0F,0x08, 0x08,0x0C,0x0E,0x00, //-L-
  56          0xFC,0xFC,0x38,0x70, 0x38,0xFC,0xFC,0x00, 0x0F,0x0F,0x00,0x00, 0x00,0x0F,0x0F,0x00, //-M-
  57          0xFC,0xFC,0x38,0x70, 0xE0,0xFC,0xFC,0x00, 0x0F,0x0F,0x00,0x00, 0x00,0x0F,0x0F,0x00, //-N-
  58          0xF8,0xFC,0x04,0x04, 0x04,0xFC,0xF8,0x00, 0x07,0x0F,0x08,0x08, 0x08,0x0F,0x07,0x00, //-O-
  59          0x04,0xFC,0xFC,0x44, 0x44,0x7C,0x38,0x00, 0x08,0x0F,0x0F,0x08, 0x00,0x00,0x00,0x00, //-P-
  60          0xF8,0xFC,0x04,0x04, 0x04,0xFC,0xF8,0x00, 0x07,0x0F,0x08,0x0E, 0x3C,0x3F,0x27,0x00, //-Q-
  61          
  62          0x04,0xFC,0xFC,0x44, 0xC4,0xFC,0x38,0x00, 0x08,0x0F,0x0F,0x00, 0x00,0x0F,0x0F,0x00, //-R-
  63          0x18,0x3C,0x64,0x44, 0xC4,0x9C,0x18,0x00, 0x06,0x0E,0x08,0x08, 0x08,0x0F,0x07,0x00, //-S-
  64          0x00,0x1C,0x0C,0xFC, 0xFC,0x0C,0x1C,0x00, 0x00,0x00,0x08,0x0F, 0x0F,0x08,0x00,0x00, //-T-
  65          0xFC,0xFC,0x00,0x00, 0x00,0xFC,0xFC,0x00, 0x07,0x0F,0x08,0x08, 0x08,0x0F,0x07,0x00, //-U-
  66          0xFC,0xFC,0x00,0x00, 0x00,0xFC,0xFC,0x00, 0x01,0x03,0x06,0x0C, 0x06,0x03,0x01,0x00, //-V-
  67          0xFC,0xFC,0x00,0x00, 0x00,0xFC,0xFC,0x00, 0x07,0x0F,0x0E,0x03, 0x0E,0x0F,0x07,0x00, //-W-
  68          0x0C,0x3C,0xF0,0xE0, 0xF0,0x3C,0x0C,0x00, 0x0C,0x0F,0x03,0x01, 0x03,0x0F,0x0C,0x00, //-X-
  69          0x00,0x0C,0x7C,0xC0, 0xC0,0x7C,0x3C,0x00, 0x00,0x00,0x08,0x0F, 0x0F,0x08,0x00,0x00, //-Y-
  70          0x1C,0x0C,0x84,0xC4, 0x64,0x3C,0x1C,0x00, 0x0E,0x0F,0x09,0x08, 0x08,0x0C,0x0E,0x00, //-Z-
  71          0x00,0x00,0xFC,0xFC, 0x04,0x04,0x00,0x00, 0x00,0x00,0x0F,0x0F, 0x08,0x08,0x00,0x00, //-[-
  72          
  73          0x38,0x70,0xE0,0xC0, 0x80,0x00,0x00,0x00, 0x00,0x00,0x00,0x01, 0x03,0x07,0x0E,0x00, //-\-
  74          0x00,0x00,0x04,0x04, 0xFC,0xFC,0x00,0x00, 0x00,0x00,0x08,0x08, 0x0F,0x0F,0x00,0x00, //-]-
  75          0x08,0x0C,0x06,0x03, 0x06,0x0C,0x08,0x00, 0x00,0x00,0x00,0x00, 0x00,0x00,0x00,0x00, //-^-
  76          0x00,0x00,0x00,0x00, 0x00,0x00,0x00,0x00, 0x20,0x20,0x20,0x20, 0x20,0x20,0x20,0x20, //-_-
  77          0x00,0x00,0x03,0x07, 0x04,0x00,0x00,0x00, 0x00,0x00,0x00,0x00, 0x00,0x00,0x00,0x00, //-`- 
  78          
  79          0x00,0xA0,0xA0,0xA0, 0xE0,0xC0,0x00,0x00, 0x07,0x0F,0x08,0x08, 0x07,0x0F,0x08,0x00, //-a- ASCII ?:0X61
  80          0x04,0xFC,0xFC,0x20, 0x60,0xC0,0x80,0x00, 0x00,0x0F,0x0F,0x08, 0x08,0x0F,0x07,0x00, //-b-
  81          0xC0,0xE0,0x20,0x20, 0x20,0x60,0x40,0x00, 0x07,0x0F,0x08,0x08, 0x08,0x0C,0x04,0x00, //-c-
  82          0x80,0xC0,0x60,0x24, 0xFC,0xFC,0x00,0x00, 0x07,0x0F,0x08,0x08, 0x07,0x0F,0x08,0x00, //-d-
  83          0xC0,0xE0,0xA0,0xA0, 0xA0,0xE0,0xC0,0x00, 0x07,0x0F,0x08,0x08, 0x08,0x0C,0x04,0x00, //-e-
  84          
  85          0x40,0xF8,0xFC,0x44, 0x0C,0x18,0x00,0x00, 0x08,0x0F,0x0F,0x08, 0x00,0x00,0x00,0x00, //-f-
  86          0xC0,0xE0,0x20,0x20, 0xC0,0xE0,0x20,0x00, 0x27,0x6F,0x48,0x48, 0x7F,0x3F,0x00,0x00, //-g-
  87          0x04,0xFC,0xFC,0x40, 0x20,0xE0,0xC0,0x00, 0x08,0x0F,0x0F,0x00, 0x00,0x0F,0x0F,0x00, //-h-
  88          0x00,0x00,0x20,0xEC, 0xEC,0x00,0x00,0x00, 0x00,0x00,0x08,0x0F, 0x0F,0x08,0x00,0x00, //-i-
  89          0x00,0x00,0x00,0x00, 0x20,0xEC,0xEC,0x00, 0x00,0x30,0x70,0x40, 0x40,0x7F,0x3F,0x00, //-j-
  90          0x04,0xFC,0xFC,0x80, 0xC0,0x60,0x20,0x00, 0x08,0x0F,0x0F,0x01, 0x03,0x0E,0x0C,0x00, //-k-
  91          0x00,0x00,0x04,0xFC, 0xFC,0x00,0x00,0x00, 0x00,0x00,0x08,0x0F, 0x0F,0x08,0x00,0x00, //-l-
  92          0xE0,0xE0,0x60,0xC0, 0x60,0xE0,0xC0,0x00, 0x0F,0x0F,0x00,0x07, 0x00,0x0F,0x0F,0x00, //-m-
  93          0x20,0xE0,0xC0,0x20, 0x20,0xE0,0xC0,0x00, 0x00,0x0F,0x0F,0x00, 0x00,0x0F,0x0F,0x00, //-n-
  94          0xC0,0xE0,0x20,0x20, 0x20,0xE0,0xC0,0x00, 0x07,0x0F,0x08,0x08, 0x08,0x0F,0x07,0x00, //-o-
  95          
  96          0x20,0xE0,0xC0,0x20, 0x20,0xE0,0xC0,0x00, 0x40,0x7F,0x7F,0x48, 0x08,0x0F,0x07,0x00, //-p-
  97          0xC0,0xE0,0x20,0x20, 0xC0,0xE0,0x20,0x00, 0x07,0x0F,0x08,0x48, 0x7F,0x7F,0x40,0x00, //-q-
  98          0x20,0xE0,0xC0,0x60, 0x20,0xE0,0xC0,0x00, 0x08,0x0F,0x0F,0x08, 0x00,0x00,0x00,0x00, //-r-
  99          0x40,0xE0,0xA0,0x20, 0x20,0x60,0x40,0x00, 0x04,0x0C,0x09,0x09, 0x0B,0x0E,0x04,0x00, //-s-
 100          0x20,0x20,0xF8,0xFC, 0x20,0x20,0x00,0x00, 0x00,0x00,0x07,0x0F, 0x08,0x0C,0x04,0x00, //-t-
 101          0xE0,0xE0,0x00,0x00, 0xE0,0xE0,0x00,0x00, 0x07,0x0F,0x08,0x08, 0x07,0x0F,0x08,0x00, //-u-
 102          0x00,0xE0,0xE0,0x00, 0x00,0xE0,0xE0,0x00, 0x00,0x03,0x07,0x0C, 0x0C,0x07,0x03,0x00, //-v-
 103          0xE0,0xE0,0x00,0x80, 0x00,0xE0,0xE0,0x00, 0x07,0x0F,0x0C,0x07, 0x0C,0x0F,0x07,0x00, //-w-
 104          0x20,0x60,0xC0,0x80, 0xC0,0x60,0x20,0x00, 0x08,0x0C,0x07,0x03, 0x07,0x0C,0x08,0x00, //-x-
 105          0xE0,0xE0,0x00,0x00, 0x00,0xE0,0xE0,0x00, 0x47,0x4F,0x48,0x48, 0x68,0x3F,0x1F,0x00, //-y-
 106          
 107          0x60,0x60,0x20,0xA0, 0xE0,0x60,0x20,0x00, 0x0C,0x0E,0x0B,0x09, 0x08,0x0C,0x0C,0x00, //-z- //
 108          0x00,0x40,0x40,0xF8, 0xBC,0x04,0x04,0x00, 0x00,0x00,0x00,0x07, 0x0F,0x08,0x08,0x00, //-{- 
 109          0x00,0x00,0x00,0xBC, 0xBC,0x00,0x00,0x00, 0x00,0x00,0x00,0x0F, 0x0F,0x00,0x00,0x00, //-|- 
 110          0x00,0x04,0x04,0xBC, 0xF8,0x40,0x40,0x00, 0x00,0x08,0x08,0x0F, 0x07,0x00,0x00,0x00, //-}- 
 111          0x08,0x0C,0x04,0x0C, 0x08,0x0C,0x04,0x00, 0x00,0x00,0x00,0x00, 0x00,0x00,0x00,0x00, //-~- ASCII ?:0X7E
 112          
 113          };


MODULE INFORMATION:   STATIC OVERLAYABLE
C51 COMPILER V9.55   ASCII8X16                                                             10/17/2020 16:48:36 PAGE 3   

   CODE SIZE        =   ----    ----
   CONSTANT SIZE    =   1520    ----
   XDATA SIZE       =   ----    ----
   PDATA SIZE       =   ----    ----
   DATA SIZE        =   ----    ----
   IDATA SIZE       =   ----    ----
   BIT SIZE         =   ----    ----
END OF MODULE INFORMATION.


C51 COMPILATION COMPLETE.  0 WARNING(S),  0 ERROR(S)
