C51 COMPILER V9.55   CLKSOURCE                                                             10/17/2020 16:48:36 PAGE 1   


C51 COMPILER V9.55, COMPILATION OF MODULE CLKSOURCE
OBJECT MODULE PLACED IN .\Objects\clksource.obj
COMPILER INVOKED BY: E:\keil\C51\BIN\C51.EXE src\Library\clksource.c OPTIMIZE(8,SPEED) BROWSE INCDIR(.\src;.\src\hardwar
                    -e;.\src\Library) DEBUG OBJECTEXTEND PRINT(.\Listings\clksource.lst) TABS(2) OBJECT(.\Objects\clksource.obj)

line level    source

   1          #include "main.h"
   2          #include "clksource.h"
   3          //===========================================================
   4          //    ≈‰÷√ ±÷”‘¥
   5          //===========================================================
   6          #if (MCU==STC8A4K32)
              
              #elif (MCU==CH547)
   9          void Clock_Config(void)
  10          {
  11   1        
  12   1      #if(FOSC==24000000UL)
                uint8_t temp;
                SAFE_MOD = 0x55;
                SAFE_MOD = 0xaa;
                temp = CLOCK_CFG & 0xe0;
                CLOCK_CFG = temp | 5;
                SAFE_MOD = 0x00;
              #elif(FOSC==48000000UL)
  20   1        uint8_t temp;
  21   1        SAFE_MOD = 0x55;
  22   1        SAFE_MOD = 0xaa;
  23   1        temp = CLOCK_CFG & 0xe0;
  24   1        CLOCK_CFG = temp | 7;
  25   1        SAFE_MOD = 0x00;
  26   1      #elif(FOSC==16000000UL)
              //  //CKDIV=0x00;//
              #endif //FOSE
  29   1      }
  30          #endif //MCU


MODULE INFORMATION:   STATIC OVERLAYABLE
   CODE SIZE        =     18    ----
   CONSTANT SIZE    =   ----    ----
   XDATA SIZE       =   ----    ----
   PDATA SIZE       =   ----    ----
   DATA SIZE        =   ----    ----
   IDATA SIZE       =   ----    ----
   BIT SIZE         =   ----    ----
END OF MODULE INFORMATION.


C51 COMPILATION COMPLETE.  0 WARNING(S),  0 ERROR(S)
