C51 COMPILER V9.55   DELAY                                                                 10/17/2020 16:48:36 PAGE 1   


C51 COMPILER V9.55, COMPILATION OF MODULE DELAY
OBJECT MODULE PLACED IN .\Objects\delay.obj
COMPILER INVOKED BY: E:\keil\C51\BIN\C51.EXE src\Library\delay.c OPTIMIZE(8,SPEED) BROWSE INCDIR(.\src;.\src\hardware;.\
                    -src\Library) DEBUG OBJECTEXTEND PRINT(.\Listings\delay.lst) TABS(2) OBJECT(.\Objects\delay.obj)

line level    source

   1          #include "main.h"
   2          #include "delay.h"
   3          
   4          #if (FOSC==24000000UL)  //Ö÷Ê±ÖÓÆµÂÊ
              void Delay_ms(uint16_t n)
              {
                uint8_t i,j;
                while(n--)
                {
                  i = 32;
                  j = 40;
                  do
                  {
                    while (--j);
                  } while (--i);
                }
              }
              void Delay_us(uint16_t n)
              {
                while(n--)
                {
                  _nop_();
                  _nop_();
                  _nop_();
                  _nop_();
                  _nop_();
                  _nop_();
                }
              }
              #elif (FOSC==48000000UL)
  31          void Delay_ms(uint16_t n)
  32          {
  33   1        uint8_t i,j;
  34   1        while(n--)
  35   1        {
  36   2          i = 31;
  37   2          j = 250;
  38   2          do
  39   2          {
  40   3            _nop_();
  41   3            while (--j);
  42   3          } while (--i);
  43   2        }
  44   1      }
  45          void Delay_us(uint16_t n)
  46          {
  47   1        uint8_t i;
  48   1        while(n--)
  49   1        {
  50   2          i = 5;
  51   2          do
  52   2          {
  53   3            _nop_();
  54   3          } while (--i);
C51 COMPILER V9.55   DELAY                                                                 10/17/2020 16:48:36 PAGE 2   

  55   2        }
  56   1      //  while(n--)
  57   1      //  {
  58   1      //    _nop_();
  59   1      //    _nop_();
  60   1      //    _nop_();
  61   1      //    _nop_();
  62   1      //    _nop_();
  63   1      //    _nop_();
  64   1      //    _nop_();
  65   1      //    _nop_();
  66   1      //    _nop_();
  67   1      //    _nop_();
  68   1      //    _nop_();
  69   1      //    _nop_();
  70   1      //    
  71   1      //    _nop_();
  72   1      //    _nop_();
  73   1      //    _nop_();
  74   1      //    _nop_();
  75   1      //  }
  76   1      }
  77          #else
              #error "No Delay at this FOSC!!!"
              #endif //FOSC


MODULE INFORMATION:   STATIC OVERLAYABLE
   CODE SIZE        =     40    ----
   CONSTANT SIZE    =   ----    ----
   XDATA SIZE       =   ----    ----
   PDATA SIZE       =   ----    ----
   DATA SIZE        =   ----    ----
   IDATA SIZE       =   ----    ----
   BIT SIZE         =   ----    ----
END OF MODULE INFORMATION.


C51 COMPILATION COMPLETE.  0 WARNING(S),  0 ERROR(S)
