C51 COMPILER V9.55   DHT11                                                                 10/17/2020 16:48:37 PAGE 1   


C51 COMPILER V9.55, COMPILATION OF MODULE DHT11
OBJECT MODULE PLACED IN .\Objects\DHT11.obj
COMPILER INVOKED BY: E:\keil\C51\BIN\C51.EXE src\hardware\DHT11.c OPTIMIZE(8,SPEED) BROWSE INCDIR(.\src;.\src\hardware;.
                    -\src\Library) DEBUG OBJECTEXTEND PRINT(.\Listings\DHT11.lst) TABS(2) OBJECT(.\Objects\DHT11.obj)

line level    source

   1          #include "main.h"
   2          #include "DHT11.h"
   3          #include "JLX12864G.h"
   4          
   5          uint8_t dataTemp[4];
   6          
   7          //void DHT11_Delay_ms(uint16_t ms)
   8          //{
   9          //  
  10          //}
  11          
  12          void DHT11_init(void)
  13          {
  14   1        SetPINQuasiBidirectional(DHT11_PORT,DHT11_PIN);
  15   1        SET_PIN_H(DHT11_PORT,DHT11_PIN);
  16   1      }
  17          
  18          void DHT11_readData(void)
  19          {
  20   1        uint8_t eorrCnt,i;
  21   1        
  22   1        SET_PIN_L(DHT11_PORT,DHT11_PIN);
  23   1        Delay_ms(20);
  24   1        SET_PIN_H(DHT11_PORT,DHT11_PIN);
  25   1        //Delay_us(30);
  26   1        eorrCnt=0;
  27   1        while(READ_PIN(DHT11_PORT,DHT11_PIN)==1)
  28   1        {
  29   2          eorrCnt++;
  30   2          Delay_us(1);
  31   2          if(eorrCnt>200)
  32   2          {
  33   3            return;
  34   3          }
  35   2        }
  36   1        while(READ_PIN(DHT11_PORT,DHT11_PIN)==0);
  37   1        while(READ_PIN(DHT11_PORT,DHT11_PIN)==1);
  38   1        for(i=0;i<5;i++)
  39   1        {
  40   2          dataTemp[i]=DHT11_readOneByte();
  41   2        }
  42   1        SET_PIN_H(DHT11_PORT,DHT11_PIN);
  43   1      }
  44          uint8_t DHT11_readOneByte(void)
  45          {
  46   1        uint8_t i,temp;
  47   1        for(i=0;i<8;i++)
  48   1        {
  49   2          while(READ_PIN(DHT11_PORT,DHT11_PIN)==0);
  50   2          Delay_us(50);
  51   2          temp<<=1;
  52   2          if(READ_PIN(DHT11_PORT,DHT11_PIN)==1)
  53   2          {
  54   3            temp|=0x01;
C51 COMPILER V9.55   DHT11                                                                 10/17/2020 16:48:37 PAGE 2   

  55   3            while(READ_PIN(DHT11_PORT,DHT11_PIN)==1);
  56   3          }
  57   2          else
  58   2          {
  59   3            
  60   3          }
  61   2        }
  62   1        return temp;
  63   1      }
  64          


MODULE INFORMATION:   STATIC OVERLAYABLE
   CODE SIZE        =    114    ----
   CONSTANT SIZE    =   ----    ----
   XDATA SIZE       =   ----    ----
   PDATA SIZE       =   ----    ----
   DATA SIZE        =      4       4
   IDATA SIZE       =   ----    ----
   BIT SIZE         =   ----    ----
END OF MODULE INFORMATION.


C51 COMPILATION COMPLETE.  0 WARNING(S),  0 ERROR(S)
