C51 COMPILER V9.55   GUANG                                                                 10/17/2020 16:48:36 PAGE 1   


C51 COMPILER V9.55, COMPILATION OF MODULE GUANG
OBJECT MODULE PLACED IN .\Objects\guang.obj
COMPILER INVOKED BY: E:\keil\C51\BIN\C51.EXE src\guang.c OPTIMIZE(8,SPEED) BROWSE INCDIR(.\src;.\src\hardware;.\src\Libr
                    -ary) DEBUG OBJECTEXTEND PRINT(.\Listings\guang.lst) TABS(2) OBJECT(.\Objects\guang.obj)

line level    source

   1          #include "main.h"
   2          #include "guang.h"
   3          
   4          uint16_t guangdu;
   5          
   6          void readGuang(void)
   7          {
   8   1        
   9   1        guangdu=ADC_Read_Value(1);
  10   1      }


MODULE INFORMATION:   STATIC OVERLAYABLE
   CODE SIZE        =     10    ----
   CONSTANT SIZE    =   ----    ----
   XDATA SIZE       =   ----    ----
   PDATA SIZE       =   ----    ----
   DATA SIZE        =      2    ----
   IDATA SIZE       =   ----    ----
   BIT SIZE         =   ----    ----
END OF MODULE INFORMATION.


C51 COMPILATION COMPLETE.  0 WARNING(S),  0 ERROR(S)
