C51 COMPILER V9.55   KEY                                                                   10/17/2020 16:48:37 PAGE 1   


C51 COMPILER V9.55, COMPILATION OF MODULE KEY
OBJECT MODULE PLACED IN .\Objects\key.obj
COMPILER INVOKED BY: E:\keil\C51\BIN\C51.EXE src\hardware\key.c OPTIMIZE(8,SPEED) BROWSE INCDIR(.\src;.\src\hardware;.\s
                    -rc\Library) DEBUG OBJECTEXTEND PRINT(.\Listings\key.lst) TABS(2) OBJECT(.\Objects\key.obj)

line level    source

   1          #include "main.h"
   2          #include "key.h"
   3          #include "delay.h"
   4          
   5          idata uint8_t key_cval;
   6          idata uint8_t PortTmpBak;
   7          idata uint8_t key_db;
   8          
   9          
  10          void Key_Init(void)
  11          {
  12   1        SetPINQuasiBidirectional(KEY_PORT,S2_KEY_PIN);
  13   1        SetPINQuasiBidirectional(KEY_PORT,S3_KEY_PIN);
  14   1        SetPINQuasiBidirectional(KEY_PORT,S4_KEY_PIN);
  15   1        SetPINQuasiBidirectional(KEY_PORT,S5_KEY_PIN);
  16   1        SET_PIN_H(KEY_PORT,S2_KEY_PIN);
  17   1        SET_PIN_H(KEY_PORT,S3_KEY_PIN);
  18   1        SET_PIN_H(KEY_PORT,S4_KEY_PIN);
  19   1        SET_PIN_H(KEY_PORT,S5_KEY_PIN);
  20   1      }
  21          void keyscan(void)
  22          {
  23   1        uint8_t PortTmp;
  24   1        
  25   1        PortTmp=READ_PORT(KEY_PORT)|(~KEY_ALL);
  26   1        PortTmp=~PortTmp;
  27   1        
  28   1        if(PortTmpBak == PortTmp)
  29   1        {
  30   2          key_db++;
  31   2          if(key_db>=(2/MAIN_CYCTIME))
  32   2          {
  33   3            //更新按键值
  34   3            key_cval = PortTmpBak;
  35   3          }
  36   2        }
  37   1        else
  38   1        {
  39   2          key_db=0;
  40   2          PortTmpBak = PortTmp;
  41   2        }
  42   1      }
  43          
  44          


MODULE INFORMATION:   STATIC OVERLAYABLE
   CODE SIZE        =     69    ----
   CONSTANT SIZE    =   ----    ----
   XDATA SIZE       =   ----    ----
   PDATA SIZE       =   ----    ----
   DATA SIZE        =   ----    ----
   IDATA SIZE       =      3    ----
   BIT SIZE         =   ----    ----
C51 COMPILER V9.55   KEY                                                                   10/17/2020 16:48:37 PAGE 2   

END OF MODULE INFORMATION.


C51 COMPILATION COMPLETE.  0 WARNING(S),  0 ERROR(S)
