C51 COMPILER V9.55   TIM0                                                                  10/17/2020 16:48:36 PAGE 1   


C51 COMPILER V9.55, COMPILATION OF MODULE TIM0
OBJECT MODULE PLACED IN .\Objects\tim0.obj
COMPILER INVOKED BY: E:\keil\C51\BIN\C51.EXE src\Library\tim0.c OPTIMIZE(8,SPEED) BROWSE INCDIR(.\src;.\src\hardware;.\s
                    -rc\Library) DEBUG OBJECTEXTEND PRINT(.\Listings\tim0.lst) TABS(2) OBJECT(.\Objects\tim0.obj)

line level    source

   1          //===========================================================
   2          //本项目将TIM4用于SBUS_IO模式的波特率输出 100K
   3          //===========================================================
   4          #include "main.h"
   5          #include "tim0.h"
   6          
   7          //#define TH0VAL ((65536-FOSC/12/1000*MAIN_CYCTIME)/256)
   8          //#define TL0VAL ((65536-FOSC/12/1000*MAIN_CYCTIME)%256)
   9          
  10          //===========================================================
  11          //    配置TIM0
  12          //===========================================================
  13          void TIM0_Config(void)
  14          {
  15   1        T2MOD |= bT0_CLK;   //定时器时钟1/1T模式
  16   1        TMOD&=0xf0;   //16位定时器模式
  17   1        TMOD|=0x01;   //工作在模式1，16位定时器模式
  18   1        TH0=TH0VAL;
  19   1        TL0=TL0VAL;
  20   1        ET0=1;      //开中断
  21   1      }
  22          ////===========================================================
  23          ////    使能TIM0
  24          ////===========================================================
  25          //void TIM0_Enable(void)
  26          //{
  27          //  TR0=1;
  28          //}
  29          ////===========================================================
  30          ////    关闭TIM0
  31          ////===========================================================
  32          //void TIM0_Disable(void)
  33          //{
  34          //  TR0=0;
  35          //}
  36          
  37          ////===========================================================
  38          ////    TIMER 0 interrupt subroutine
  39          ////===========================================================
  40          //void Timer0_ISR (void) interrupt 1  //interrupt address is 0x000B
  41          //{
  42          ////    TH0=TH0VAL;
  43          ////  TL0=TL0VAL;
  44          //    main_TM++;
  45          ////    P17^=1;
  46          //}


MODULE INFORMATION:   STATIC OVERLAYABLE
   CODE SIZE        =     18    ----
   CONSTANT SIZE    =   ----    ----
   XDATA SIZE       =   ----    ----
   PDATA SIZE       =   ----    ----
   DATA SIZE        =   ----    ----
C51 COMPILER V9.55   TIM0                                                                  10/17/2020 16:48:36 PAGE 2   

   IDATA SIZE       =   ----    ----
   BIT SIZE         =   ----    ----
END OF MODULE INFORMATION.


C51 COMPILATION COMPLETE.  0 WARNING(S),  0 ERROR(S)
