C51 COMPILER V9.00   TIM2                                                                  09/20/2020 17:34:18 PAGE 1   


C51 COMPILER V9.00, COMPILATION OF MODULE TIM2
OBJECT MODULE PLACED IN .\Objects\tim2.obj
COMPILER INVOKED BY: C:\Keil\C51\BIN\C51.EXE src\Library\tim2.c OPTIMIZE(8,SPEED) BROWSE INCDIR(.\src;.\src\hardware;.\s
                    -rc\Library) DEBUG OBJECTEXTEND PRINT(.\Listings\tim2.lst) TABS(2) OBJECT(.\Objects\tim2.obj)

line level    source

   1          #include "main.h"
   2          #include "tim2.h"
   3          
   4          void TIM2_Config(uint16_t tim2val)    //
   5          {
   6   1        T2MOD |= bT2_CLK;   //定时器时钟1/4T模式
   7   1        RCLK = 0;    //16????????
   8   1        TCLK = 0;
   9   1        CP_RL2 = 0;
  10   1        RCAP2L = TL2 = tim2val%256;     //设置定时器初值
  11   1        RCAP2H = TH2 = tim2val/256;     //设置定时器初值
  12   1        ET2 = 1;    //开定时器中断
  13   1      }
  14          //void TIM2_Enable(void)
  15          //{
  16          //  AUXR |= 0x10;   //定时器2开始计时
  17          //}
  18          //void TIM2_Disable(void)
  19          //{
  20          //  AUXR &= ~0x10;    //定时器2开始计时
  21          //}
  22          
  23          


MODULE INFORMATION:   STATIC OVERLAYABLE
   CODE SIZE        =     24    ----
   CONSTANT SIZE    =   ----    ----
   XDATA SIZE       =   ----    ----
   PDATA SIZE       =   ----    ----
   DATA SIZE        =   ----    ----
   IDATA SIZE       =   ----    ----
   BIT SIZE         =   ----    ----
END OF MODULE INFORMATION.


C51 COMPILATION COMPLETE.  0 WARNING(S),  0 ERROR(S)
