C51 COMPILER V9.00   WIFI                                                                  09/23/2020 06:19:13 PAGE 1   


C51 COMPILER V9.00, COMPILATION OF MODULE WIFI
OBJECT MODULE PLACED IN .\Objects\wifi.obj
COMPILER INVOKED BY: C:\Keil_v5\C51\BIN\C51.EXE src\wifi.c OPTIMIZE(8,SPEED) BROWSE INCDIR(.\src;.\src\hardware;.\src\Li
                    -brary) DEBUG OBJECTEXTEND PRINT(.\Listings\wifi.lst) OBJECT(.\Objects\wifi.obj)

line level    source

   1          #include "main.h"
   2          #include "wifi.h"
   3          #include "key.h"
   4          
   5          
   6          
   7          void wifi_connect(void)
   8          {
   9   1              
  10   1      }


MODULE INFORMATION:   STATIC OVERLAYABLE
   CODE SIZE        =      1    ----
   CONSTANT SIZE    =   ----    ----
   XDATA SIZE       =   ----    ----
   PDATA SIZE       =   ----    ----
   DATA SIZE        =   ----    ----
   IDATA SIZE       =   ----    ----
   BIT SIZE         =   ----    ----
END OF MODULE INFORMATION.


C51 COMPILATION COMPLETE.  0 WARNING(S),  0 ERROR(S)
