C51 COMPILER V9.55   ____                                                                  03/31/2020 13:57:22 PAGE 1   


C51 COMPILER V9.55, COMPILATION OF MODULE ____
OBJECT MODULE PLACED IN .\Objects\彩灯.obj
COMPILER INVOKED BY: E:\keil\C51\BIN\C51.EXE 彩灯.c OPTIMIZE(8,SPEED) BROWSE DEBUG OBJECTEXTEND PRINT(.\Listings\彩灯.ls
                    -t) TABS(2) OBJECT(.\Objects\彩灯.obj)

line level    source

   1          #include "reg52.h"
   2          #include "intrins.h"
   3          #include "iic.h"
   4          
   5          #define uchar unsigned char
   6          #define uint unsigned int
   7          
   8          sfr AUXR = 0x8e;
   9          
  10          uchar code table[]={   //流水灯四种运行模式
  11            0xfe,0xfd,0xfb,0xf7,0xef,0xdf,0xbf,0x7f,
  12            0x7f,0xbf,0xdf,0xef,0xf7,0xfb,0xfd,0xfe,
  13            0x7e,0xbd,0xdb,0xe7,
  14            0xe7,0xdb,0xbd,0x7e,
  15          };
  16          uchar code tab[]={0xc0,0xf9,0xa4,0xb0,0x99,
  17                            0x92,0x82,0xf8,0x80,0x90,
  18                            0xbf,0xff};
  19          uchar yi,er,san,si,wu,liu,qi,ba;
  20          uchar mode=0;
  21          uchar time=80;
  22          uchar led_wei=0;
  23          uchar led=0;
  24          uchar count=0;
  25          uchar shezhi=0;
  26          uchar fla=0;
  27          uint tt=0,pwm_tt=0;
  28          uchar U=0;
  29          uchar s4=0;
  30          uchar mm=0;
  31          uchar PWM=0;
  32                            
  33          sbit S7=P3^0;
  34          sbit S6=P3^1;
  35          sbit S5=P3^2;
  36          sbit S4=P3^3;
  37          
  38          void InitSystem()
  39          {
  40   1          P2=0xa0;
  41   1          P0=0x00;
  42   1        
  43   1          P2=0x80;
  44   1          P0=0xff;
  45   1          
  46   1          P2=0xc0;
  47   1          P0=0xff;
  48   1          P2=0xff;
  49   1          P0=0xff;
  50   1      }
  51          
  52          void delay(uint t)
  53          {
  54   1          while(t--);
C51 COMPILER V9.55   ____                                                                  03/31/2020 13:57:22 PAGE 2   

  55   1      }
  56          
  57          void keyscan()
  58          {
  59   1          if(S7==0)
  60   1          {
  61   2              delay(100);
  62   2              if(S7==0)
  63   2              {
  64   3                  if(mode==0)
  65   3                  {
  66   4                      mode=1;led=1;
  67   4                  }
  68   3                  else if(mode==1||mode==2||mode==3||mode==4)
  69   3                  {
  70   4                      led=!led;
  71   4                  }
  72   3                  ET1=0;count=0;
  73   3                  while(!S7);
  74   3              }
  75   2          }
  76   1          else if(S6==0)
  77   1          {
  78   2              delay(100);
  79   2              if(S6==0)
  80   2              {
  81   3                  if(mode==0)mode=1;
  82   3                  shezhi++;
  83   3                  if(shezhi==3){shezhi=0;write_eeprom(0x00,time);}
  84   3                  
  85   3                  ET1=0;count=0;
  86   3                  while(!S6);
  87   3              }
  88   2          }
  89   1          if(S5==0)
  90   1          {
  91   2              delay(100);
  92   2              if(S5==0)
  93   2              {
  94   3                if(shezhi==1)
  95   3                {
  96   4                  if(time<240)
  97   4                    {
  98   5                        time+=20;
  99   5                    }
 100   4                }
 101   3                else if(shezhi==2)
 102   3                {
 103   4                    if(mode<4)
 104   4                  mode++;
 105   4                  if(mode==1)led_wei=0;
 106   4                  else if(mode==2)led_wei=8;
 107   4                  else if(mode==3)led_wei=16;
 108   4                  else if(mode==4)led_wei=20;
 109   4                }
 110   3                ET1=0;count=0;
 111   3                while(!S5);
 112   3              }
 113   2          }
 114   1          else if(S4==0)
 115   1          {
 116   2              delay(100);
C51 COMPILER V9.55   ____                                                                  03/31/2020 13:57:22 PAGE 3   

 117   2              if(S4==0)
 118   2              {
 119   3                  s4=1;
 120   3                  if(shezhi!=1&&shezhi!=2)
 121   3                  {
 122   4                      shezhi=3;
 123   4                  }
 124   3              }
 125   2          }
 126   1          
 127   1          if(S4==1&&s4==1)
 128   1          {
 129   2            s4=0;
 130   2            if(shezhi==3)shezhi=0;
 131   2            else if(shezhi==1)
 132   2            {
 133   3              
 134   3              if(time>80)
 135   3                {
 136   4                    time-=20;
 137   4                }
 138   3            }
 139   2            else if(shezhi==2)
 140   2            {
 141   3              if(mode>1)
 142   3              mode--;
 143   3              if(mode==1)led_wei=0;
 144   3              else if(mode==2)led_wei=8;
 145   3              else if(mode==3)led_wei=16;
 146   3              else if(mode==4)led_wei=20;
 147   3            }
 148   2            ET1=0;count=0;
 149   2          }
 150   1      }
 151          
 152          void moshi()
 153          {
 154   1          if(led==1)
 155   1          {
 156   2              ET1=1;
 157   2              if(PWM<mm)
 158   2                    {           
 159   3                      P2=0x80;
 160   3                      P0=table[led_wei];            
 161   3                    }
 162   2                    else
 163   2                    {
 164   3                      P2=0x80;
 165   3                      P0=0xff;
 166   3                    }                 
 167   2      
 168   2                    if(PWM > 7)
 169   2                      PWM = 0;
 170   2          }
 171   1          else if(led==0)
 172   1          {
 173   2              ET1=0;
 174   2              P2=0x80;P0=0xff;
 175   2              P2=0xc0;P0=0xff;P2=0xff;P0=0xff;
 176   2          }
 177   1      }
 178          
C51 COMPILER V9.55   ____                                                                  03/31/2020 13:57:22 PAGE 4   

 179          //=================数码管显示函数=======================
 180          void delayms(uint n)
 181          {
 182   1          unsigned int i,j;
 183   1          for(i=n;i>0;i--)
 184   1            for(j=845;j>0;j--);
 185   1      }
 186          
 187          void display1(uchar yi,uchar er)
 188          {
 189   1          P2=0xc0;
 190   1          P0=0x01;
 191   1          P2=0xff;
 192   1          P0=tab[yi];
 193   1          delayms(1);
 194   1        
 195   1          P2=0xc0;
 196   1          P0=0x02;
 197   1          P2=0xff;
 198   1          P0=tab[er];
 199   1          delayms(1);
 200   1      }
 201          
 202          void display2(uchar san,uchar si)
 203          {
 204   1          P2=0xc0;
 205   1          P0=0x04;
 206   1          P2=0xff;
 207   1          P0=tab[san];
 208   1          delayms(1);
 209   1        
 210   1          P2=0xc0;
 211   1          P0=0x08;
 212   1          P2=0xff;
 213   1          P0=tab[si];
 214   1          delayms(1);
 215   1      }
 216          
 217          void display3(uchar wu,uchar liu)
 218          {
 219   1          P2=0xc0;
 220   1          P0=0x10;
 221   1          P2=0xff;
 222   1          P0=tab[wu];
 223   1          delayms(1);
 224   1        
 225   1          P2=0xc0;
 226   1          P0=0x20;
 227   1          P2=0xff;
 228   1          P0=tab[liu];
 229   1          delayms(1);
 230   1      }
 231          
 232          void display4(uchar qi,uchar ba)
 233          {
 234   1          P2=0xc0;
 235   1          P0=0x40;
 236   1          P2=0xff;
 237   1          P0=tab[qi];
 238   1          delayms(1);
 239   1          
 240   1          P2=0xc0;
C51 COMPILER V9.55   ____                                                                  03/31/2020 13:57:22 PAGE 5   

 241   1          P0=0x80;
 242   1          P2=0xff;
 243   1          P0=tab[ba];
 244   1          delayms(1);
 245   1        
 246   1          P2=0xc0;
 247   1          P0=0xff;
 248   1          P2=0xff;
 249   1          P0=0xff;
 250   1          delayms(1);
 251   1      }
 252          
 253          void smg_display(uchar n)
 254          {
 255   1        ET0=1;
 256   1        
 257   1        U=ADC_pcf8591();
 258   1        if( U<64) mm=2;
 259   1        else if( U>63 && U<126) mm=4;
 260   1        else if( U>125 && U<188) mm=6;
 261   1        else if( U>187 && U<255) mm=8;
 262   1          
 263   1        switch(n)
 264   1        {
 265   2          case 0:
 266   2            yi=11;er=11;san=11;si=11;wu=11;liu=11;qi=11;ba=11;
 267   2          break;
 268   2          
 269   2          case 1:
 270   2            if(fla==1)
 271   2                {yi=10;er=mode;san=10;si=11;
 272   3                if((time*5/1000%10)==0)wu=11;
 273   3                else wu=time*5/1000%10;
 274   3                liu=time*5/100%10;qi=time*5/10%10;ba=time*5%10;}
 275   2            else 
 276   2                {yi=10;er=mode;san=10;si=11;wu=11;liu=11;qi=11;ba=11;}
 277   2          break;
 278   2                
 279   2          case 2:
 280   2            if(fla==1)
 281   2                {yi=10;er=mode;san=10;si=11;
 282   3                if((time*5/1000%10)==0)wu=11;
 283   3                else wu=time*5/1000%10;
 284   3                liu=time*5/100%10;qi=time*5/10%10;ba=time*5%10;}
 285   2            else {yi=11;er=11;san=11;si=11;
 286   3                if((time*5/1000%10)==0)wu=11;
 287   3                else wu=time*5/1000%10;
 288   3                liu=time*5/100%10;qi=time*5/10%10;ba=time*5%10;}
 289   2          break;
 290   2                
 291   2          case 3:
 292   2            yi=11;er=11;san=11;si=11;wu=11;liu=11;qi=11;ba=mm/2;
 293   2          break;
 294   2                
 295   2        }
 296   1      }
 297          
 298          void TimerInit(void)    //定时器1为5毫秒   定时器2为1毫秒@11.0592MHz
 299          {
 300   1        AUXR |= 0xC0;   //定时器时钟1T模式
 301   1        TMOD &= 0xFF;   //设置定时器模式
 302   1        TL0 = 0xCD;   //设置定时初值
C51 COMPILER V9.55   ____                                                                  03/31/2020 13:57:22 PAGE 6   

 303   1        TH0 = 0xD4;   //设置定时初值
 304   1        TF0 = 0;    //清除TF0标志
 305   1        TR0 = 1;    //定时器0开始计时
 306   1        
 307   1        TL1 = 0x00;   //设置定时初值
 308   1        TH1 = 0x28;   //设置定时初值
 309   1        TF1 = 0;    //清除TF1标志
 310   1        TR1 = 1;    //定时器1开始计时
 311   1        
 312   1        ET1 = 1;
 313   1        ET0 = 1;
 314   1        EA = 1;
 315   1      }
 316          
 317          void ServiceTimer0() interrupt 1
 318          {
 319   1      
 320   1          
 321   1          tt++;
 322   1          if(tt==800)
 323   1          {
 324   2              tt=0;
 325   2              fla=!fla;
 326   2          }
 327   1          pwm_tt++;
 328   1          if(pwm_tt==5)
 329   1          {
 330   2          PWM++;pwm_tt=0;
 331   2          }
 332   1      }
 333          
 334          void ServiceTimer1() interrupt 3
 335          {
 336   1          count++;
 337   1          if(count>=time)
 338   1          {
 339   2              count=0;
 340   2              led_wei++;
 341   2              if(led_wei==24)led_wei=0;
 342   2          }
 343   1      }
 344          
 345          void main()
 346          {
 347   1          InitSystem();
 348   1          TimerInit();
 349   1          Init_pcf8591();
 350   1          yi=11;er=11;san=11;si=11;wu=11;liu=11;qi=11;ba=11;
 351   1          time=read_eeprom(0x00);
 352   1          while(1)
 353   1          {
 354   2              moshi();
 355   2              smg_display(shezhi);
 356   2              keyscan();
 357   2            
 358   2              display1(yi,er);
 359   2              display2(san,si);
 360   2              display3(wu,liu);
 361   2              display4(qi,ba);
 362   2          }
 363   1      }

C51 COMPILER V9.55   ____                                                                  03/31/2020 13:57:22 PAGE 7   


MODULE INFORMATION:   STATIC OVERLAYABLE
   CODE SIZE        =   1205    ----
   CONSTANT SIZE    =     36    ----
   XDATA SIZE       =   ----    ----
   PDATA SIZE       =   ----    ----
   DATA SIZE        =     23       1
   IDATA SIZE       =   ----    ----
   BIT SIZE         =   ----    ----
END OF MODULE INFORMATION.


C51 COMPILATION COMPLETE.  0 WARNING(S),  0 ERROR(S)
