C51 COMPILER V9.55   DS1302                                                                03/24/2020 19:25:05 PAGE 1   


C51 COMPILER V9.55, COMPILATION OF MODULE DS1302
OBJECT MODULE PLACED IN .\Objects\ds1302.obj
COMPILER INVOKED BY: E:\keil\C51\BIN\C51.EXE ds1302.c OPTIMIZE(8,SPEED) BROWSE DEBUG OBJECTEXTEND PRINT(.\Listings\ds130
                    -2.lst) TABS(2) OBJECT(.\Objects\ds1302.obj)

line level    source

   1          /*
   2            程序说明: DS1302驱动程序
   3            软件环境: Keil uVision 4.10 
   4            硬件环境: CT107单片机综合实训平台 8051，12MHz
   5            日    期: 2011-8-9
   6          */
   7          
   8          #include <STC15F2K60S2.H>
   9          #include <intrins.h>
  10          
  11          sbit SCK=P1^7;    
  12          sbit SDA=P2^3;    
  13          sbit RST = P1^3;   // DS1302复位                        
  14          
  15          unsigned char shijian[] = {50,59,23,0,0,0,0};
  16          
  17          void Write_Ds1302(unsigned  char temp) 
  18          {
  19   1        unsigned char i;
  20   1        for (i=0;i<8;i++)       
  21   1        { 
  22   2          SCK=0;
  23   2          SDA=temp&0x01;
  24   2          temp>>=1; 
  25   2          SCK=1;
  26   2        }
  27   1      }   
  28          
  29          void Write_Ds1302_Byte( unsigned char address,unsigned char dat )     
  30          {
  31   1        RST=0;  _nop_();
  32   1        SCK=0;  _nop_();
  33   1        RST=1;  _nop_();  
  34   1        Write_Ds1302(address);  
  35   1        Write_Ds1302((dat/10 << 4)|dat%10);       //修改处，输入十进制数转化为十六进制数
  36   1        RST=0; 
  37   1      }
  38          
  39          unsigned char Read_Ds1302_Byte ( unsigned char address )
  40          {
  41   1        unsigned char i,temp=0x00,dat1,dat2;
  42   1        RST=0;  _nop_();
  43   1        SCK=0;  _nop_();
  44   1        RST=1;  _nop_();
  45   1        Write_Ds1302(address);
  46   1        for (i=0;i<8;i++)   
  47   1        {   
  48   2          SCK=0;
  49   2          temp>>=1; 
  50   2          if(SDA)
  51   2          temp|=0x80; 
  52   2          SCK=1;
  53   2        } 
  54   1        RST=0;  _nop_();
C51 COMPILER V9.55   DS1302                                                                03/24/2020 19:25:05 PAGE 2   

  55   1        SCK=0;  _nop_();
  56   1        SCK=1;  _nop_();
  57   1        SDA=0;  _nop_();
  58   1        SDA=1;  _nop_();
  59   1        dat1=temp/16;                 //修改处，读取十六进制数转化为十进制数
  60   1        dat2=temp%16;                 //修改处，读取十六进制数转化为十进制数
  61   1        temp=dat1*10+dat2;            //修改处，组合为一个两位数的十进制
  62   1        return (temp);
  63   1      }
  64          
  65          //=======================日历参数配置=======================
  66          void DS1302_Init(void)
  67          {
  68   1          unsigned char i,add;
  69   1          add = 0x80;
  70   1          Write_Ds1302_Byte(0x8e,0x00);                   //允许向内存写入数据
  71   1          for(i=0; i<7; i++)                              //写入7字节的时间参数
  72   1          {
  73   2              Write_Ds1302_Byte(add,shijian[i]);
  74   2              add = add + 2;
  75   2          }
  76   1          Write_Ds1302_Byte(0x8e,0x80);                   //禁止向内存写入数据
  77   1      }
  78          
  79          //=======================日历读取函数=======================
  80          void DS1302_get(void)
  81          {
  82   1          unsigned char i,add;
  83   1          add = 0x81;
  84   1          Write_Ds1302_Byte(0x8e,0x00);
  85   1          for(i=0; i<7; i++)                              //读取7个字节的实时时间
  86   1          {
  87   2              shijian[i]=Read_Ds1302_Byte(add);
  88   2              add = add + 2;
  89   2          }
  90   1          Write_Ds1302_Byte(0x8e,0x80);
  91   1      }
  92          
  93          //=====================设置时钟暂停==========================
  94          void DS1302_tingzhi(void)
  95          {
  96   1          Write_Ds1302_Byte(0x8e,0x00);                   //允许向内存写入数据
  97   1      
  98   1          Write_Ds1302_Byte(0x80,shijian[0]&0x7f);        //置秒位高位为0,停止时钟计时
  99   1        
 100   1          Write_Ds1302_Byte(0x8e,0x80);                   //禁止向内存写入数据
 101   1      }


MODULE INFORMATION:   STATIC OVERLAYABLE
   CODE SIZE        =    207    ----
   CONSTANT SIZE    =   ----    ----
   XDATA SIZE       =   ----    ----
   PDATA SIZE       =   ----    ----
   DATA SIZE        =      7    ----
   IDATA SIZE       =   ----    ----
   BIT SIZE         =   ----    ----
END OF MODULE INFORMATION.


C51 COMPILATION COMPLETE.  0 WARNING(S),  0 ERROR(S)
